== rename / mason-30b / t1 ==
   pass=True (renamed + builds)  wall=583.0s
== rename / mason-30b / t2 ==
   pass=True (renamed + builds)  wall=900.0s
== rename / mason-30b / t3 ==
   pass=False (interface/impl not renamed to StatusCode)  wall=404.6s
== rename / opencode-30b / t1 ==
   pass=False (interface/impl not renamed to StatusCode)  wall=25.5s
== rename / opencode-30b / t2 ==
   pass=False (interface/impl not renamed to StatusCode)  wall=11.1s
== rename / opencode-30b / t3 ==
   pass=False (interface/impl not renamed to StatusCode)  wall=9.3s
== rename / continue-30b / t1 ==
   pass=False (interface/impl not renamed to StatusCode)  wall=53.0s
== rename / continue-30b / t2 ==
   pass=False (interface/impl not renamed to StatusCode)  wall=51.9s
== rename / continue-30b / t3 ==
   pass=False (interface/impl not renamed to StatusCode)  wall=5.0s
== feature / mason-30b / t1 ==
   pass=True (declared + implemented + tested)  wall=108.0s
== feature / mason-30b / t2 ==
   pass=True (declared + implemented + tested)  wall=73.8s
== feature / mason-30b / t3 ==
   pass=True (declared + implemented + tested)  wall=89.8s
== feature / opencode-30b / t1 ==
   pass=False (IsSuccess not declared in response_writer.go)  wall=36.6s
== feature / opencode-30b / t2 ==
   pass=False (IsSuccess not declared in response_writer.go)  wall=10.9s
== feature / opencode-30b / t3 ==
   pass=False (IsSuccess not declared in response_writer.go)  wall=11.1s
== feature / continue-30b / t1 ==
   pass=False (IsSuccess not declared in response_writer.go)  wall=38.0s
== feature / continue-30b / t2 ==
   pass=False (IsSuccess not declared in response_writer.go)  wall=45.8s
== feature / continue-30b / t3 ==
   pass=False (IsSuccess not declared in response_writer.go)  wall=37.1s
== comprehend / mason-30b / t1 ==
   pass=True (found responseWriter @ response_writer.go)  wall=64.1s
== comprehend / mason-30b / t2 ==
   pass=True (found responseWriter @ response_writer.go)  wall=90.9s
== comprehend / mason-30b / t3 ==
   pass=True (found responseWriter @ response_writer.go)  wall=45.8s
== comprehend / opencode-30b / t1 ==
   pass=False (missed the concrete implementor responseWriter)  wall=26.2s
== comprehend / opencode-30b / t2 ==
   pass=False (missed the concrete implementor responseWriter)  wall=5.9s
== comprehend / opencode-30b / t3 ==
   pass=False (missed the concrete implementor responseWriter)  wall=6.1s
== comprehend / continue-30b / t1 ==
   pass=True (found responseWriter @ response_writer.go)  wall=28.8s
== comprehend / continue-30b / t2 ==
   pass=False (missed the concrete implementor responseWriter)  wall=32.9s
== comprehend / continue-30b / t3 ==
   pass=False (missed the concrete implementor responseWriter)  wall=5.7s
all done -> /tmp/ab-local-clis/results
